<?xml version="1.0" encoding="UTF-8"?>
<!-- Generated by org.testng.reporters.JUnitXMLReporter -->
<testsuite ignored="0" hostname="LAPTOP-1108SNCF" failures="0" tests="6" name="Surefire test" time="0.193" errors="0" timestamp="21 Mar 2021 16:35:55 GMT">
  <testcase classname="notous.AppiumTest" name="IosApps" time="0.027"/>
  <testcase classname="notous.AppiumTest" name="NativeAppAndriod" time="0.003"/>
  <testcase classname="notous.RestAPITest" name="DeleteTwitter" time="0.001"/>
  <testcase classname="notous.RestAPITest" name="JiraPost" time="0.0"/>
  <testcase classname="notous.SeleniumTest" name="BrowserAutomation" time="0.0"/>
  <testcase classname="notous.SeleniumTest" name="ElementsUI" time="0.0"/>
</testsuite> <!-- Surefire test -->
