<?xml version="1.0" encoding="UTF-8"?>
<!-- Generated by org.testng.reporters.JUnitXMLReporter -->
<testsuite ignored="0" hostname="LAPTOP-1108SNCF" failures="0" tests="4" name="Test" time="0.068" errors="0" timestamp="22 Mar 2021 05:07:39 GMT">
  <testcase classname="notous.SeleniumTest" name="BrowserAutomation" time="0.016"/>
  <testcase classname="notous.SeleniumTest" name="ElementsUI" time="0.002"/>
  <testcase classname="notous.RestAPITest" name="DeleteTwitter" time="0.001"/>
  <testcase classname="notous.RestAPITest" name="JiraPost" time="0.0"/>
</testsuite> <!-- Test -->
