<?xml version="1.0" encoding="UTF-8"?>
<testng-results ignored="0" total="4" passed="4" failed="0" skipped="0">
  <reporter-output>
  </reporter-output>
  <suite started-at="2021-03-22T05:07:39Z" name="Suite" finished-at="2021-03-22T05:07:39Z" duration-ms="68">
    <groups>
    </groups>
    <test started-at="2021-03-22T05:07:39Z" name="Test" finished-at="2021-03-22T05:07:39Z" duration-ms="68">
      <class name="notous.SeleniumTest">
        <test-method signature="BrowserAutomation()[pri:0, instance:notous.SeleniumTest@771a660]" started-at="2021-03-22T05:07:39Z" name="BrowserAutomation" finished-at="2021-03-22T05:07:39Z" duration-ms="16" status="PASS">
          <reporter-output>
          </reporter-output>
        </test-method> <!-- BrowserAutomation -->
        <test-method signature="ElementsUI()[pri:0, instance:notous.SeleniumTest@771a660]" started-at="2021-03-22T05:07:39Z" name="ElementsUI" finished-at="2021-03-22T05:07:39Z" duration-ms="2" status="PASS">
          <reporter-output>
          </reporter-output>
        </test-method> <!-- ElementsUI -->
      </class> <!-- notous.SeleniumTest -->
      <class name="notous.RestAPITest">
        <test-method signature="DeleteTwitter()[pri:0, instance:notous.RestAPITest@2d52216b]" started-at="2021-03-22T05:07:39Z" name="DeleteTwitter" finished-at="2021-03-22T05:07:39Z" duration-ms="1" status="PASS">
          <reporter-output>
          </reporter-output>
        </test-method> <!-- DeleteTwitter -->
        <test-method signature="JiraPost()[pri:0, instance:notous.RestAPITest@2d52216b]" started-at="2021-03-22T05:07:39Z" name="JiraPost" finished-at="2021-03-22T05:07:39Z" duration-ms="0" status="PASS">
          <reporter-output>
          </reporter-output>
        </test-method> <!-- JiraPost -->
      </class> <!-- notous.RestAPITest -->
    </test> <!-- Test -->
  </suite> <!-- Suite -->
</testng-results>
