<?xml version="1.0" encoding="UTF-8"?>
<testsuite xmlns:xsi="http://www.w3.org/2001/XMLSchema-instance" xsi:noNamespaceSchemaLocation="https://maven.apache.org/surefire/maven-surefire-plugin/xsd/surefire-test-report-3.0.xsd" version="3.0" name="TestSuite" time="8.784" tests="4" errors="0" skipped="0" failures="0">
  <properties>
[...]
</properties>
  <testcase name="BrowserAutomation" classname="notous.SeleniumTest" time="0.005">
    <system-out><![CDATA[[TestNGContentHandler] [WARN] It is strongly recommended to add "<!DOCTYPE suite SYSTEM "http://testng.org/testng-1.0.dtd" >" at the top of your file, otherwise TestNG may fail or not work as expected.
BrowserAutomation
]]></system-out>
  </testcase>
  <testcase name="ElementsUI" classname="notous.SeleniumTest" time="0.003">
    <system-out><![CDATA[ElementsUI
]]></system-out>
  </testcase>
  <testcase name="DeleteTwitter" classname="notous.RestAPITest" time="0.002">
    <system-out><![CDATA[DeleteTwitter
]]></system-out>
  </testcase>
  <testcase name="JiraPost" classname="notous.RestAPITest" time="0.001">
    <system-out><![CDATA[JiraPost
]]></system-out>
  </testcase>
</testsuite>