<?xml version="1.0" encoding="UTF-8"?>
<testng-results ignored="0" total="1" passed="1" failed="0" skipped="0">
  <reporter-output>
  </reporter-output>
  <suite started-at="2021-03-22T18:08:33 IST" name="Default suite" finished-at="2021-03-22T18:09:01 IST" duration-ms="28522">
    <groups>
    </groups>
    <test started-at="2021-03-22T18:08:33 IST" name="Default test" finished-at="2021-03-22T18:09:01 IST" duration-ms="28522">
      <class name="notous.ExtentReportsDemo">
        <test-method is-config="true" signature="config()[pri:0, instance:notous.ExtentReportsDemo@49c386c8]" started-at="2021-03-22T18:08:33 IST" name="config" finished-at="2021-03-22T18:08:33 IST" duration-ms="448" status="PASS">
          <reporter-output>
          </reporter-output>
        </test-method> <!-- config -->
        <test-method signature="IntialDemoTest()[pri:0, instance:notous.ExtentReportsDemo@49c386c8]" started-at="2021-03-22T18:08:33 IST" name="IntialDemoTest" finished-at="2021-03-22T18:09:01 IST" duration-ms="28025" status="PASS">
          <reporter-output>
          </reporter-output>
        </test-method> <!-- IntialDemoTest -->
      </class> <!-- notous.ExtentReportsDemo -->
    </test> <!-- Default test -->
  </suite> <!-- Default suite -->
</testng-results>
